2025-05-21 15:31:37,791 - INFO - Motion detected: 156 at 2025-05-21 15:31
2025-05-21 15:31:49,786 - INFO - Buzzer test started at 2025-05-21T15:31:49.786646
2025-05-21 15:32:06,767 - INFO - Buzzer turned OFF at 2025-05-21T15:32:06.767438
2025-05-21 15:32:13,152 - INFO - Buzzer turned ON at 2025-05-21T15:32:13.152357
2025-05-21 15:32:18,317 - INFO - Chart cleared successfully
2025-05-21 15:34:23,824 - INFO - Motion detected: 157 at 2025-05-21 15:34
2025-05-21 15:35:20,693 - ERROR - Failed to toggle buzzer: 500 Server Error: Internal Server Error for url: http://192.168.1.105/toggle-buzzer
2025-05-21 15:35:25,169 - ERROR - Failed to toggle buzzer: 500 Server Error: Internal Server Error for url: http://192.168.1.105/toggle-buzzer
2025-05-21 15:35:29,202 - INFO - Motion detected: 158
2025-05-21 15:35:30,075 - ERROR - Failed to toggle buzzer: 500 Server Error: Internal Server Error for url: http://192.168.1.105/toggle-buzzer
2025-05-21 15:35:35,100 - ERROR - Failed to toggle buzzer: 500 Server Error: Internal Server Error for url: http://192.168.1.105/toggle-buzzer
2025-05-21 15:35:40,069 - ERROR - Failed to toggle buzzer: 500 Server Error: Internal Server Error for url: http://192.168.1.105/toggle-buzzer
2025-05-21 15:35:45,116 - ERROR - Failed to toggle buzzer: 500 Server Error: Internal Server Error for url: http://192.168.1.105/toggle-buzzer
2025-05-21 15:35:50,134 - ERROR - Failed to toggle buzzer: 500 Server Error: Internal Server Error for url: http://192.168.1.105/toggle-buzzer
2025-05-21 15:35:55,260 - ERROR - Failed to toggle buzzer: 500 Server Error: Internal Server Error for url: http://192.168.1.105/toggle-buzzer
2025-05-21 15:36:00,173 - ERROR - Failed to toggle buzzer: 500 Server Error: Internal Server Error for url: http://192.168.1.105/toggle-buzzer
2025-05-21 15:36:05,206 - ERROR - Failed to toggle buzzer: 500 Server Error: Internal Server Error for url: http://192.168.1.105/toggle-buzzer
2025-05-21 15:36:10,168 - ERROR - Failed to toggle buzzer: 500 Server Error: Internal Server Error for url: http://192.168.1.105/toggle-buzzer
2025-05-21 15:36:15,183 - ERROR - Failed to toggle buzzer: 500 Server Error: Internal Server Error for url: http://192.168.1.105/toggle-buzzer
2025-05-21 15:36:20,181 - ERROR - Failed to toggle buzzer: 500 Server Error: Internal Server Error for url: http://192.168.1.105/toggle-buzzer
2025-05-21 15:36:25,198 - ERROR - Failed to toggle buzzer: 500 Server Error: Internal Server Error for url: http://192.168.1.105/toggle-buzzer
2025-05-21 15:36:30,181 - ERROR - Failed to toggle buzzer: 500 Server Error: Internal Server Error for url: http://192.168.1.105/toggle-buzzer
2025-05-21 15:36:35,180 - ERROR - Failed to toggle buzzer: 500 Server Error: Internal Server Error for url: http://192.168.1.105/toggle-buzzer
2025-05-21 15:36:40,172 - ERROR - Failed to toggle buzzer: 500 Server Error: Internal Server Error for url: http://192.168.1.105/toggle-buzzer
2025-05-21 15:36:45,169 - ERROR - Failed to toggle buzzer: 500 Server Error: Internal Server Error for url: http://192.168.1.105/toggle-buzzer
2025-05-21 15:36:50,167 - ERROR - Failed to toggle buzzer: 500 Server Error: Internal Server Error for url: http://192.168.1.105/toggle-buzzer
2025-05-21 15:36:55,258 - ERROR - Failed to toggle buzzer: 500 Server Error: Internal Server Error for url: http://192.168.1.105/toggle-buzzer
2025-05-21 15:37:00,276 - ERROR - Failed to toggle buzzer: 500 Server Error: Internal Server Error for url: http://192.168.1.105/toggle-buzzer
2025-05-21 15:37:05,191 - ERROR - Failed to toggle buzzer: 500 Server Error: Internal Server Error for url: http://192.168.1.105/toggle-buzzer
2025-05-21 15:37:13,800 - INFO - Motion detected: 159
2025-05-21 15:37:34,195 - INFO - Buzzer turned OFF
2025-05-21 15:37:34,929 - INFO - Buzzer turned ON
2025-05-21 15:37:35,286 - INFO - Buzzer turned OFF
2025-05-21 15:37:40,165 - INFO - Buzzer turned ON
2025-05-21 15:37:40,676 - INFO - Buzzer turned OFF
2025-05-21 15:37:44,071 - INFO - Buzzer turned OFF
2025-05-21 15:37:44,587 - INFO - Buzzer turned ON
2025-05-21 15:37:44,970 - INFO - Buzzer turned OFF
2025-05-21 15:38:10,887 - INFO - Buzzer turned OFF
2025-05-21 15:38:11,200 - INFO - Buzzer turned ON
2025-05-21 15:38:23,184 - INFO - Motion detected: 160
2025-05-21 15:38:24,744 - INFO - Buzzer test started
2025-05-21 15:38:26,820 - INFO - Motion detected: 161
2025-05-21 15:38:31,527 - INFO - Buzzer turned OFF
2025-05-21 15:38:31,708 - INFO - Motion detected: 162
2025-05-21 15:38:51,808 - INFO - Buzzer turned OFF
2025-05-21 15:39:17,282 - INFO - Buzzer turned OFF
2025-05-21 15:39:17,650 - INFO - Buzzer turned ON
2025-05-21 15:39:34,316 - INFO - Buzzer turned OFF
2025-05-21 15:39:35,368 - INFO - Buzzer turned ON
2025-05-21 15:39:36,689 - INFO - Buzzer turned OFF
2025-05-21 15:39:46,487 - INFO - Buzzer turned ON
2025-05-21 15:40:04,895 - INFO - Buzzer turned ON
2025-05-21 15:44:18,416 - INFO - Motion detected: 163
2025-05-21 15:45:22,599 - INFO - Motion detected: 164
2025-05-21 15:45:24,990 - INFO - Buzzer test started
2025-05-21 15:45:26,236 - INFO - Motion detected: 165
2025-05-21 15:46:09,868 - INFO - Motion detected: 166
2025-05-21 15:46:53,184 - INFO - Motion detected: 167
2025-05-21 15:47:35,877 - INFO - Motion detected: 168
2025-05-21 15:49:54,845 - INFO - Motion detected: 169
2025-05-21 15:54:29,908 - INFO - Motion detected: 170
2025-05-21 15:55:34,231 - INFO - Buzzer test started
2025-05-21 15:57:00,494 - INFO - Motion detected: 171
2025-05-21 16:00:27,918 - INFO - Motion detected: 172
2025-05-21 16:00:58,175 - INFO - Motion detected: 173
2025-05-21 16:06:32,743 - INFO - Motion detected: 174
2025-05-21 16:06:59,838 - INFO - Motion detected: 175
2025-05-21 16:07:19,711 - INFO - Motion detected: 176
2025-05-21 16:07:24,305 - INFO - Motion detected: 177
2025-05-21 16:08:54,622 - INFO - Buzzer turned OFF
2025-05-21 16:08:55,107 - INFO - Buzzer turned ON
2025-05-21 16:09:14,664 - INFO - Buzzer turned OFF
2025-05-21 16:09:23,428 - INFO - Buzzer turned ON
2025-05-21 16:09:29,864 - INFO - Buzzer turned OFF
2025-05-21 16:09:30,711 - INFO - Buzzer turned ON
2025-05-21 16:09:48,286 - INFO - Buzzer turned OFF
2025-05-21 16:09:50,435 - INFO - Buzzer turned ON
2025-05-21 16:09:55,297 - INFO - Buzzer turned OFF
2025-05-21 16:09:55,872 - INFO - Buzzer turned ON
2025-05-21 16:10:41,418 - INFO - Buzzer turned ON
2025-05-21 16:10:44,217 - INFO - Buzzer turned OFF
2025-05-21 16:10:58,974 - INFO - Buzzer turned OFF
2025-05-21 16:11:00,095 - INFO - Buzzer turned ON
2025-05-21 16:11:04,897 - INFO - Buzzer turned ON
2025-05-21 16:11:26,966 - INFO - Buzzer turned OFF
2025-05-21 16:11:27,553 - INFO - Buzzer turned ON
2025-05-21 16:11:28,052 - INFO - Buzzer turned OFF
2025-05-21 16:11:38,739 - INFO - Buzzer turned OFF
2025-05-21 16:11:39,983 - INFO - Buzzer turned ON
2025-05-21 16:11:43,722 - INFO - Buzzer turned OFF
2025-05-21 16:11:53,506 - INFO - Buzzer turned OFF
2025-05-21 16:12:05,937 - INFO - Buzzer turned ON
2025-05-21 16:12:29,868 - INFO - Motion detected: 178
2025-05-21 16:12:56,877 - INFO - Buzzer turned OFF
2025-05-21 16:12:57,545 - INFO - Buzzer turned ON
2025-05-21 16:15:08,908 - INFO - Buzzer turned OFF
2025-05-21 16:15:11,594 - INFO - Buzzer turned ON
2025-05-21 16:15:17,398 - INFO - Buzzer turned OFF
2025-05-21 16:15:18,423 - INFO - Buzzer turned ON
2025-05-21 16:15:22,140 - INFO - Buzzer turned OFF
2025-05-21 16:15:23,782 - INFO - Buzzer turned ON
2025-05-21 16:17:48,770 - INFO - Buzzer turned OFF
2025-05-21 16:17:53,543 - INFO - Buzzer turned ON
2025-05-21 16:17:54,314 - INFO - Buzzer turned OFF
2025-05-21 16:18:12,063 - INFO - Motion detected: 179
2025-05-21 16:18:22,612 - INFO - Buzzer turned OFF
2025-05-21 16:21:00,265 - INFO - Motion detected: 180
2025-05-21 16:21:06,340 - INFO - Buzzer turned ON
2025-05-21 16:23:01,017 - INFO - Buzzer turned OFF
2025-05-21 16:23:02,142 - INFO - Buzzer turned ON
2025-05-21 16:23:04,722 - INFO - Motion detected: 181
2025-05-21 16:24:26,519 - INFO - Buzzer test started
2025-05-21 16:24:39,114 - INFO - Buzzer turned OFF
2025-05-21 16:24:40,935 - INFO - Buzzer turned ON
2025-05-21 16:24:43,336 - INFO - Buzzer turned OFF
2025-05-21 16:24:44,902 - INFO - Buzzer turned ON
2025-05-21 16:24:45,745 - INFO - Buzzer turned OFF
2025-05-21 16:24:46,114 - INFO - Buzzer turned ON
2025-05-21 16:24:46,438 - INFO - Buzzer turned OFF
2025-05-21 16:24:46,798 - INFO - Buzzer turned ON
2025-05-21 16:24:47,068 - INFO - Buzzer turned OFF
2025-05-21 16:24:47,235 - INFO - Buzzer turned ON
2025-05-21 16:24:47,380 - INFO - Buzzer turned OFF
2025-05-21 16:24:47,559 - INFO - Buzzer turned ON
2025-05-21 16:24:47,694 - INFO - Buzzer turned OFF
2025-05-21 16:24:47,834 - INFO - Buzzer turned ON
2025-05-21 16:24:47,980 - INFO - Buzzer turned OFF
2025-05-21 16:24:48,127 - INFO - Buzzer turned ON
2025-05-21 16:24:48,280 - INFO - Buzzer turned OFF
2025-05-21 16:24:48,429 - INFO - Buzzer turned ON
2025-05-21 16:24:48,575 - INFO - Buzzer turned OFF
2025-05-21 16:24:50,589 - INFO - Buzzer turned ON
2025-05-21 16:25:05,732 - INFO - Buzzer turned OFF
2025-05-21 16:30:50,526 - INFO - Motion detected: 182
2025-05-21 16:31:45,846 - INFO - Buzzer turned ON
2025-05-21 16:31:46,846 - INFO - Buzzer turned OFF
2025-05-21 16:31:47,132 - INFO - Buzzer turned ON
2025-05-21 16:31:47,286 - INFO - Buzzer turned OFF
2025-05-21 16:31:47,438 - INFO - Buzzer turned ON
2025-05-21 16:31:50,979 - INFO - Motion detected: 183
2025-05-21 16:41:38,956 - INFO - Motion detected: 184
2025-05-21 16:52:58,059 - INFO - Motion detected: 185
2025-05-21 16:58:08,415 - INFO - Motion detected: 186
2025-05-21 17:05:58,605 - INFO - Motion detected: 187
2025-05-21 17:11:49,159 - INFO - Motion detected: 188
2025-05-21 17:16:48,386 - INFO - Motion detected: 189
2025-05-21 17:16:53,395 - INFO - Motion detected: 190
2025-05-21 17:16:57,499 - INFO - Motion detected: 191
2025-05-21 17:17:02,757 - INFO - Motion detected: 192
2025-05-21 17:22:28,166 - INFO - Motion detected: 193
2025-05-21 17:22:32,169 - INFO - Motion detected: 194
2025-05-21 17:22:56,527 - INFO - Motion detected: 195
2025-05-21 17:24:51,638 - INFO - Motion detected: 196
2025-05-21 19:13:13,671 - INFO - Motion detected: 197
2025-05-21 19:19:24,148 - INFO - Buzzer turned OFF
2025-05-21 19:19:24,250 - INFO - Buzzer turned ON
2025-05-21 19:19:24,441 - INFO - Buzzer turned OFF
2025-05-21 19:19:24,459 - INFO - Buzzer turned ON
2025-05-21 19:19:24,538 - INFO - Buzzer turned OFF
2025-05-21 19:19:24,786 - INFO - Buzzer turned ON
2025-05-21 19:19:25,220 - INFO - Buzzer turned OFF
2025-05-21 19:19:26,289 - INFO - Chart cleared successfully
2025-05-21 19:19:30,071 - INFO - Motion detected: 198
2025-05-21 19:19:35,966 - INFO - Motion detected: 199
2025-05-21 19:19:45,460 - INFO - Motion detected: 200
2025-05-21 19:19:51,349 - INFO - Motion detected: 201
2025-05-21 19:20:08,498 - INFO - Motion detected: 202
2025-05-21 19:20:38,235 - INFO - Buzzer test started
2025-05-21 19:20:42,917 - INFO - Buzzer turned ON
2025-05-21 19:20:45,035 - INFO - Motion detected: 203
2025-05-21 19:20:50,473 - INFO - Motion detected: 204
2025-05-21 19:20:55,014 - INFO - Motion detected: 205
2025-05-21 19:21:03,154 - INFO - Motion detected: 206
2025-05-21 19:21:26,671 - INFO - Motion detected: 207
2025-05-21 19:21:36,124 - INFO - Motion detected: 208
2025-05-21 19:21:41,131 - INFO - Motion detected: 209
2025-05-21 19:22:08,676 - INFO - Motion detected: 210
2025-05-21 19:22:38,990 - INFO - Motion detected: 211
2025-05-21 19:22:46,252 - INFO - Motion detected: 212
2025-05-21 19:23:42,258 - INFO - Motion detected: 213
2025-05-21 19:23:45,868 - INFO - Motion detected: 214
2025-05-21 19:23:56,726 - INFO - Motion detected: 215
2025-05-21 19:24:07,585 - INFO - Motion detected: 216
2025-05-21 19:24:33,801 - INFO - Motion detected: 217
2025-05-21 19:25:00,900 - INFO - Motion detected: 218
2025-05-21 19:25:09,960 - INFO - Motion detected: 219
2025-05-21 19:25:20,680 - INFO - Buzzer turned OFF
2025-05-21 19:25:23,569 - INFO - Motion detected: 220
2025-05-21 19:25:47,462 - INFO - Motion detected: 221
2025-05-21 19:27:15,930 - INFO - Motion detected: 224
2025-05-21 19:27:17,315 - INFO - Motion detected: 225
2025-05-21 19:27:21,808 - INFO - Motion detected: 226
2025-05-21 19:27:26,461 - INFO - Buzzer turned ON
2025-05-21 19:27:27,439 - INFO - Buzzer turned OFF
2025-05-21 19:27:27,826 - INFO - Buzzer turned ON
2025-05-21 19:27:28,041 - INFO - Buzzer turned OFF
2025-05-21 19:27:28,179 - INFO - Buzzer turned ON
2025-05-21 19:27:30,341 - INFO - Buzzer turned OFF
2025-05-21 19:27:31,808 - INFO - Buzzer turned ON
2025-05-21 19:27:32,031 - INFO - Buzzer turned OFF
2025-05-21 19:27:32,231 - INFO - Buzzer turned ON
2025-05-21 19:27:32,410 - INFO - Buzzer turned OFF
2025-05-21 19:27:33,915 - INFO - Motion detected: 227
2025-05-21 19:27:37,562 - INFO - Motion detected: 228
2025-05-21 19:27:41,614 - INFO - Motion detected: 229
2025-05-21 19:27:51,857 - INFO - Motion detected: 230
2025-05-21 19:27:56,359 - INFO - Motion detected: 231
2025-05-21 19:28:00,428 - INFO - Buzzer turned ON
2025-05-21 19:28:01,355 - INFO - Buzzer turned OFF
2025-05-21 19:28:03,565 - INFO - Motion detected: 232
2025-05-21 19:28:09,490 - INFO - Motion detected: 233
2025-05-21 19:28:13,141 - INFO - Motion detected: 234
2025-05-21 19:28:17,240 - INFO - Motion detected: 235
2025-05-21 19:28:22,596 - INFO - Motion detected: 236
2025-05-21 19:28:26,195 - INFO - Motion detected: 237
2025-05-21 19:28:30,694 - INFO - Motion detected: 238
2025-05-21 19:28:39,303 - INFO - Motion detected: 239
2025-05-21 19:28:43,758 - INFO - Motion detected: 240
2025-05-21 19:28:48,258 - INFO - Motion detected: 241
2025-05-21 19:28:51,909 - INFO - Motion detected: 242
2025-05-21 19:28:55,562 - INFO - Motion detected: 243
2025-05-21 19:28:59,665 - INFO - Motion detected: 244
2025-05-21 19:29:07,146 - INFO - Buzzer turned ON
2025-05-21 19:29:10,551 - INFO - Motion detected: 245
2025-05-21 19:29:15,042 - INFO - Motion detected: 246
2025-05-21 19:29:19,530 - INFO - Motion detected: 247
2025-05-21 19:29:23,169 - INFO - Motion detected: 248
2025-05-21 19:29:27,213 - INFO - Motion detected: 249
2025-05-21 19:29:30,851 - INFO - Motion detected: 250
2025-05-21 19:29:34,486 - INFO - Motion detected: 251
2025-05-21 19:29:40,827 - INFO - Motion detected: 252
2025-05-21 19:29:44,918 - INFO - Motion detected: 253
2025-05-21 19:29:49,360 - INFO - Motion detected: 254
2025-05-21 19:29:54,298 - INFO - Motion detected: 255
2025-05-21 19:30:00,538 - INFO - Motion detected: 256
2025-05-21 19:30:04,077 - INFO - Motion detected: 257
2025-05-21 19:30:11,274 - INFO - Motion detected: 258
2025-05-21 19:30:14,872 - INFO - Motion detected: 259
2025-05-21 19:30:59,269 - INFO - Motion detected: 4
2025-05-21 19:31:03,709 - INFO - Motion detected: 5
2025-05-21 19:31:12,038 - INFO - Chart cleared successfully
2025-05-21 19:31:32,356 - INFO - Motion detected: 6
2025-05-21 19:31:36,845 - INFO - Motion detected: 7
2025-05-21 19:31:44,541 - INFO - Motion detected: 8
2025-05-21 19:31:48,188 - INFO - Motion detected: 9
2025-05-21 19:32:29,935 - INFO - Motion detected: 10
2025-05-21 19:32:34,036 - INFO - Motion detected: 11
2025-05-21 19:33:22,354 - INFO - Motion detected: 12
2025-05-21 19:33:26,910 - INFO - Motion detected: 13
2025-05-21 19:33:59,872 - INFO - Motion detected: 14
2025-05-21 19:34:03,991 - INFO - Motion detected: 15
2025-05-21 19:35:17,124 - INFO - Motion detected: 16
2025-05-21 19:35:21,625 - INFO - Motion detected: 17
2025-05-21 19:35:26,174 - INFO - Motion detected: 18
2025-05-21 19:35:30,729 - INFO - Motion detected: 19
2025-05-21 19:36:04,204 - INFO - Motion detected: 20
2025-05-21 19:36:08,757 - INFO - Motion detected: 21
2025-05-21 19:36:13,300 - INFO - Motion detected: 22
2025-05-21 19:36:17,851 - INFO - Motion detected: 23
2025-05-21 19:36:19,690 - INFO - Buzzer turned OFF
2025-05-21 19:36:20,820 - INFO - Buzzer turned ON
2025-05-21 19:36:22,407 - INFO - Motion detected: 24
2025-05-21 19:36:26,953 - INFO - Motion detected: 25
2025-05-21 19:37:14,366 - INFO - Motion detected: 26
2025-05-21 19:37:18,419 - INFO - Motion detected: 27
2025-05-21 19:38:00,836 - INFO - Motion detected: 28
2025-05-21 19:38:04,520 - INFO - Motion detected: 29
2025-05-21 19:41:31,057 - INFO - Motion detected: 31
2025-05-21 19:41:32,451 - INFO - Motion detected: 32
2025-05-21 19:41:35,648 - INFO - Motion detected: 33
2025-05-21 19:41:42,452 - INFO - Motion detected: 34
2025-05-21 19:41:46,096 - INFO - Motion detected: 35
2025-05-21 19:42:16,495 - INFO - Motion detected: 36
2025-05-21 19:42:20,141 - INFO - Motion detected: 37
2025-05-21 19:43:06,182 - INFO - Motion detected: 38
2025-05-21 19:43:10,275 - INFO - Motion detected: 39
2025-05-21 19:45:07,102 - INFO - Motion detected: 40
2025-05-21 19:45:18,870 - INFO - Motion detected: 41
2025-05-21 19:46:35,063 - INFO - Motion detected: 42
2025-05-21 19:47:15,706 - INFO - Motion detected: 43
2025-05-21 19:47:23,857 - INFO - Motion detected: 44
2025-05-21 19:47:30,573 - INFO - Buzzer turned OFF
2025-05-21 19:47:31,129 - INFO - Buzzer turned ON
2025-05-21 19:47:33,815 - INFO - Motion detected: 45
2025-05-21 19:47:38,291 - INFO - Buzzer turned OFF
2025-05-21 19:47:40,309 - INFO - Buzzer turned ON
2025-05-21 19:47:42,317 - INFO - Motion detected: 46
2025-05-21 19:47:52,729 - INFO - Motion detected: 47
2025-05-21 19:50:18,579 - INFO - Motion detected: 48
2025-05-21 19:50:23,134 - INFO - Motion detected: 49
2025-05-21 19:50:26,683 - INFO - Motion detected: 50
2025-05-21 20:06:03,652 - INFO - Motion detected: 51
2025-05-21 20:06:11,824 - INFO - Motion detected: 52
2025-05-21 20:06:25,397 - INFO - Buzzer turned OFF
2025-05-21 20:06:27,646 - INFO - Motion detected: 53
2025-05-21 20:06:30,390 - INFO - Buzzer turned ON
2025-05-21 20:06:32,649 - INFO - Motion detected: 54
2025-05-21 20:06:55,582 - INFO - Motion detected: 55
2025-05-21 20:06:59,180 - INFO - Motion detected: 56
2025-05-21 20:07:03,286 - INFO - Motion detected: 57
2025-05-21 20:07:14,663 - INFO - Motion detected: 58
2025-05-21 20:07:18,311 - INFO - Motion detected: 59
2025-05-21 20:07:21,912 - INFO - Motion detected: 60
2025-05-21 20:07:25,561 - INFO - Motion detected: 61
2025-05-21 20:07:36,325 - INFO - Motion detected: 62
2025-05-21 20:07:46,240 - INFO - Motion detected: 63
2025-05-21 20:07:49,892 - INFO - Motion detected: 64
2025-05-21 20:07:55,346 - INFO - Motion detected: 65
2025-05-21 20:08:02,112 - INFO - Motion detected: 66
2025-05-21 20:08:05,762 - INFO - Motion detected: 67
2025-05-21 20:09:11,214 - INFO - Motion detected: 68
2025-05-21 20:09:25,674 - INFO - Motion detected: 69
2025-05-21 20:09:51,842 - INFO - Motion detected: 70
2025-05-21 20:14:12,513 - INFO - Motion detected: 71
2025-05-21 20:14:16,163 - INFO - Motion detected: 72
2025-05-21 20:14:20,216 - INFO - Motion detected: 73
2025-05-21 20:15:12,965 - INFO - Motion detected: 74
2025-05-21 20:21:16,255 - INFO - Motion detected: 75
2025-05-21 20:22:02,290 - INFO - Motion detected: 76
2025-05-21 21:45:00,636 - INFO - Motion detected: 78
2025-05-21 21:45:01,939 - INFO - Motion detected: 79
2025-05-21 21:45:05,601 - INFO - Motion detected: 80
2025-05-21 21:45:31,771 - INFO - Motion detected: 81
2025-05-21 21:45:37,615 - INFO - Motion detected: 82
2025-05-21 21:45:48,023 - INFO - Motion detected: 83
2025-05-21 21:45:53,012 - INFO - Motion detected: 84
